<?xml version="1.0" encoding="UTF-8"?>
<!-- Generated by org.testng.reporters.JUnitReportReporter -->
<testsuite hostname="SHAIK" name="SELENIUM.Class16" tests="1" failures="0" timestamp="20 Mar 2018 18:56:00 GMT" time="24.451" errors="0">
  <testcase name="note" time="24.451" classname="SELENIUM.Class16"/>
</testsuite> <!-- SELENIUM.Class16 -->
