<?xml version="1.0" encoding="UTF-8"?>
<!-- Generated by org.testng.reporters.JUnitReportReporter -->
<testsuite hostname="SHAIK" name="SELENIUM.Class6" tests="1" failures="0" timestamp="20 Mar 2018 17:29:07 GMT" time="24.619" errors="0">
  <testcase name="google" time="24.619" classname="SELENIUM.Class6"/>
</testsuite> <!-- SELENIUM.Class6 -->
