<?xml version="1.0" encoding="UTF-8"?>
<!-- Generated by org.testng.reporters.JUnitReportReporter -->
<testsuite hostname="SHAIK" name="SELENIUM.Class11" tests="1" failures="0" timestamp="20 Mar 2018 18:17:20 GMT" time="55.630" errors="0">
  <testcase name="drag" time="55.630" classname="SELENIUM.Class11"/>
</testsuite> <!-- SELENIUM.Class11 -->
