<?xml version="1.0" encoding="UTF-8"?>
<!-- Generated by org.testng.reporters.JUnitReportReporter -->
<testsuite hostname="SHAIK" name="SELENIUM.Class4" tests="1" failures="0" timestamp="20 Mar 2018 17:21:55 GMT" time="14.076" errors="0">
  <testcase name="secure" time="14.076" classname="SELENIUM.Class4"/>
</testsuite> <!-- SELENIUM.Class4 -->
