<?xml version="1.0" encoding="UTF-8"?>
<!-- Generated by org.testng.reporters.JUnitReportReporter -->
<testsuite hostname="SHAIK" name="SELENIUM.Class3" tests="1" failures="0" timestamp="19 Mar 2018 17:41:06 GMT" time="46.689" errors="1">
  <testcase name="f" time="46.689" classname="SELENIUM.Class3">
    <error type="org.openqa.selenium.WebDriverException" message="Failed to connect to binary FirefoxBinary(C:\Program Files\Mozilla Firefox\firefox.exe) on port 7055; process output follows: 
gistering shutdown blocker for LightweightThemeManager
1521481221509	addons.manager	DEBUG	Provider finished startup: LightweightThemeManager
1521481221509	addons.manager	DEBUG	Starting provider: GMPProvider
1521481221515	addons.manager	DEBUG	Registering shutdown blocker for GMPProvider
1521481221515	addons.manager	DEBUG	Provider finished startup: GMPProvider
1521481221515	addons.manager	DEBUG	Starting provider: PluginProvider
1521481221515	addons.manager	DEBUG	Registering shutdown blocker for PluginProvider
1521481221515	addons.manager	DEBUG	Provider finished startup: PluginProvider
1521481221515	addons.manager	DEBUG	Completed startup sequence
1521481223702	addons.repository	DEBUG	No addons.json found.
1521481223718	addons.manager	DEBUG	Starting provider: PreviousExperimentProvider
1521481223718	addons.manager	DEBUG	Registering shutdown blocker for PreviousExperimentProvider
1521481223718	addons.manager	DEBUG	Provider finished startup: PreviousExperimentProvider
1521481223762	addons.xpi-utils	DEBUG	XPI Database saved, setting schema version preference to 23
1521481223995	addons.xpi	INFO	Mapping fxdriver@googlecode.com to C:\Users\Izaz Ahmed\AppData\Local\Temp\anonymous1685304211020780928webdriver-profile\extensions\fxdriver@googlecode.com
1521481223996	addons.xpi	DEBUG	Ignoring file entry whose name is not a valid add-on ID: C:\Users\Izaz Ahmed\AppData\Local\Temp\anonymous1685304211020780928webdriver-profile\extensions\webdriver-staging
1521481223996	addons.xpi	DEBUG	Existing add-on fxdriver@googlecode.com in app-profile
1521481223997	addons.xpi	INFO	Mapping activity-stream@mozilla.org to C:\Program Files\Mozilla Firefox\browser\features\activity-stream@mozilla.org.xpi
1521481223997	addons.xpi	INFO	Mapping aushelper@mozilla.org to C:\Program Files\Mozilla Firefox\browser\features\aushelper@mozilla.org.xpi
1521481223997	addons.xpi	INFO	Mapping firefox@getpocket.com to C:\Program Files\Mozilla Firefox\browser\features\firefox@getpocket.com.xpi
1521481223997	addons.xpi	INFO	Mapping followonsearch@mozilla.com to C:\Program Files\Mozilla Firefox\browser\features\followonsearch@mozilla.com.xpi
1521481223998	addons.xpi	INFO	Mapping formautofill@mozilla.org to C:\Program Files\Mozilla Firefox\browser\features\formautofill@mozilla.org.xpi
1521481223998	addons.xpi	INFO	Mapping onboarding@mozilla.org to C:\Program Files\Mozilla Firefox\browser\features\onboarding@mozilla.org.xpi
1521481223998	addons.xpi	INFO	Mapping screenshots@mozilla.org to C:\Program Files\Mozilla Firefox\browser\features\screenshots@mozilla.org.xpi
1521481223998	addons.xpi	INFO	Mapping shield-recipe-client@mozilla.org to C:\Program Files\Mozilla Firefox\browser\features\shield-recipe-client@mozilla.org.xpi
1521481223998	addons.xpi	INFO	Mapping webcompat@mozilla.org to C:\Program Files\Mozilla Firefox\browser\features\webcompat@mozilla.org.xpi
1521481223999	addons.xpi	DEBUG	Existing add-on activity-stream@mozilla.org in app-system-defaults
1521481223999	addons.xpi	DEBUG	Existing add-on aushelper@mozilla.org in app-system-defaults
1521481223999	addons.xpi	DEBUG	Existing add-on firefox@getpocket.com in app-system-defaults
1521481224000	addons.xpi	DEBUG	Existing add-on followonsearch@mozilla.com in app-system-defaults
1521481224000	addons.xpi	DEBUG	Existing add-on formautofill@mozilla.org in app-system-defaults
1521481224001	addons.xpi	DEBUG	Existing add-on onboarding@mozilla.org in app-system-defaults
1521481224001	addons.xpi	DEBUG	Existing add-on screenshots@mozilla.org in app-system-defaults
1521481224002	addons.xpi	DEBUG	Existing add-on shield-recipe-client@mozilla.org in app-system-defaults
1521481224002	addons.xpi	DEBUG	Existing add-on webcompat@mozilla.org in app-system-defaults
1521481224003	addons.xpi	INFO	Mapping {972ce4c6-7e08-4474-a285-3208198ce6fd} to C:\Program Files\Mozilla Firefox\browser\extensions\{972ce4c6-7e08-4474-a285-3208198ce6fd}.xpi
1521481224003	addons.xpi	DEBUG	Existing add-on {972ce4c6-7e08-4474-a285-3208198ce6fd} in app-global
1521481224004	addons.xpi	DEBUG	getInstallState changed: false, state: {}

Build info: version: &#039;2.52.0&#039;, revision: &#039;4c2593c&#039;, time: &#039;2016-02-11 19:06:49&#039;
System info: host: &#039;SHAIK&#039;, ip: &#039;192.168.0.160&#039;, os.name: &#039;Windows 8.1&#039;, os.arch: &#039;amd64&#039;, os.version: &#039;6.3&#039;, java.version: &#039;1.8.0_161&#039;
Driver info: driver.version: FirefoxDriver">
      <![CDATA[org.openqa.selenium.WebDriverException: Failed to connect to binary FirefoxBinary(C:\Program Files\Mozilla Firefox\firefox.exe) on port 7055; process output follows: 
gistering shutdown blocker for LightweightThemeManager
1521481221509	addons.manager	DEBUG	Provider finished startup: LightweightThemeManager
1521481221509	addons.manager	DEBUG	Starting provider: GMPProvider
1521481221515	addons.manager	DEBUG	Registering shutdown blocker for GMPProvider
1521481221515	addons.manager	DEBUG	Provider finished startup: GMPProvider
1521481221515	addons.manager	DEBUG	Starting provider: PluginProvider
1521481221515	addons.manager	DEBUG	Registering shutdown blocker for PluginProvider
1521481221515	addons.manager	DEBUG	Provider finished startup: PluginProvider
1521481221515	addons.manager	DEBUG	Completed startup sequence
1521481223702	addons.repository	DEBUG	No addons.json found.
1521481223718	addons.manager	DEBUG	Starting provider: PreviousExperimentProvider
1521481223718	addons.manager	DEBUG	Registering shutdown blocker for PreviousExperimentProvider
1521481223718	addons.manager	DEBUG	Provider finished startup: PreviousExperimentProvider
1521481223762	addons.xpi-utils	DEBUG	XPI Database saved, setting schema version preference to 23
1521481223995	addons.xpi	INFO	Mapping fxdriver@googlecode.com to C:\Users\Izaz Ahmed\AppData\Local\Temp\anonymous1685304211020780928webdriver-profile\extensions\fxdriver@googlecode.com
1521481223996	addons.xpi	DEBUG	Ignoring file entry whose name is not a valid add-on ID: C:\Users\Izaz Ahmed\AppData\Local\Temp\anonymous1685304211020780928webdriver-profile\extensions\webdriver-staging
1521481223996	addons.xpi	DEBUG	Existing add-on fxdriver@googlecode.com in app-profile
1521481223997	addons.xpi	INFO	Mapping activity-stream@mozilla.org to C:\Program Files\Mozilla Firefox\browser\features\activity-stream@mozilla.org.xpi
1521481223997	addons.xpi	INFO	Mapping aushelper@mozilla.org to C:\Program Files\Mozilla Firefox\browser\features\aushelper@mozilla.org.xpi
1521481223997	addons.xpi	INFO	Mapping firefox@getpocket.com to C:\Program Files\Mozilla Firefox\browser\features\firefox@getpocket.com.xpi
1521481223997	addons.xpi	INFO	Mapping followonsearch@mozilla.com to C:\Program Files\Mozilla Firefox\browser\features\followonsearch@mozilla.com.xpi
1521481223998	addons.xpi	INFO	Mapping formautofill@mozilla.org to C:\Program Files\Mozilla Firefox\browser\features\formautofill@mozilla.org.xpi
1521481223998	addons.xpi	INFO	Mapping onboarding@mozilla.org to C:\Program Files\Mozilla Firefox\browser\features\onboarding@mozilla.org.xpi
1521481223998	addons.xpi	INFO	Mapping screenshots@mozilla.org to C:\Program Files\Mozilla Firefox\browser\features\screenshots@mozilla.org.xpi
1521481223998	addons.xpi	INFO	Mapping shield-recipe-client@mozilla.org to C:\Program Files\Mozilla Firefox\browser\features\shield-recipe-client@mozilla.org.xpi
1521481223998	addons.xpi	INFO	Mapping webcompat@mozilla.org to C:\Program Files\Mozilla Firefox\browser\features\webcompat@mozilla.org.xpi
1521481223999	addons.xpi	DEBUG	Existing add-on activity-stream@mozilla.org in app-system-defaults
1521481223999	addons.xpi	DEBUG	Existing add-on aushelper@mozilla.org in app-system-defaults
1521481223999	addons.xpi	DEBUG	Existing add-on firefox@getpocket.com in app-system-defaults
1521481224000	addons.xpi	DEBUG	Existing add-on followonsearch@mozilla.com in app-system-defaults
1521481224000	addons.xpi	DEBUG	Existing add-on formautofill@mozilla.org in app-system-defaults
1521481224001	addons.xpi	DEBUG	Existing add-on onboarding@mozilla.org in app-system-defaults
1521481224001	addons.xpi	DEBUG	Existing add-on screenshots@mozilla.org in app-system-defaults
1521481224002	addons.xpi	DEBUG	Existing add-on shield-recipe-client@mozilla.org in app-system-defaults
1521481224002	addons.xpi	DEBUG	Existing add-on webcompat@mozilla.org in app-system-defaults
1521481224003	addons.xpi	INFO	Mapping {972ce4c6-7e08-4474-a285-3208198ce6fd} to C:\Program Files\Mozilla Firefox\browser\extensions\{972ce4c6-7e08-4474-a285-3208198ce6fd}.xpi
1521481224003	addons.xpi	DEBUG	Existing add-on {972ce4c6-7e08-4474-a285-3208198ce6fd} in app-global
1521481224004	addons.xpi	DEBUG	getInstallState changed: false, state: {}

Build info: version: '2.52.0', revision: '4c2593c', time: '2016-02-11 19:06:49'
System info: host: 'SHAIK', ip: '192.168.0.160', os.name: 'Windows 8.1', os.arch: 'amd64', os.version: '6.3', java.version: '1.8.0_161'
Driver info: driver.version: FirefoxDriver
	at org.openqa.selenium.firefox.internal.NewProfileExtensionConnection.start(NewProfileExtensionConnection.java:124)
	at org.openqa.selenium.firefox.FirefoxDriver.startClient(FirefoxDriver.java:271)
	at org.openqa.selenium.remote.RemoteWebDriver.<init>(RemoteWebDriver.java:119)
	at org.openqa.selenium.firefox.FirefoxDriver.<init>(FirefoxDriver.java:218)
	at org.openqa.selenium.firefox.FirefoxDriver.<init>(FirefoxDriver.java:211)
	at org.openqa.selenium.firefox.FirefoxDriver.<init>(FirefoxDriver.java:207)
	at org.openqa.selenium.firefox.FirefoxDriver.<init>(FirefoxDriver.java:120)
	at SELENIUM.Class3.f(Class3.java:12)
	at sun.reflect.NativeMethodAccessorImpl.invoke0(Native Method)
	at sun.reflect.NativeMethodAccessorImpl.invoke(NativeMethodAccessorImpl.java:62)
	at sun.reflect.DelegatingMethodAccessorImpl.invoke(DelegatingMethodAccessorImpl.java:43)
	at java.lang.reflect.Method.invoke(Method.java:498)
	at org.testng.internal.MethodInvocationHelper.invokeMethod(MethodInvocationHelper.java:85)
	at org.testng.internal.Invoker.invokeMethod(Invoker.java:639)
	at org.testng.internal.Invoker.invokeTestMethod(Invoker.java:816)
	at org.testng.internal.Invoker.invokeTestMethods(Invoker.java:1124)
	at org.testng.internal.TestMethodWorker.invokeTestMethods(TestMethodWorker.java:125)
	at org.testng.internal.TestMethodWorker.run(TestMethodWorker.java:108)
	at org.testng.TestRunner.privateRun(TestRunner.java:774)
	at org.testng.TestRunner.run(TestRunner.java:624)
	at org.testng.SuiteRunner.runTest(SuiteRunner.java:359)
	at org.testng.SuiteRunner.runSequentially(SuiteRunner.java:354)
	at org.testng.SuiteRunner.privateRun(SuiteRunner.java:312)
	at org.testng.SuiteRunner.run(SuiteRunner.java:261)
	at org.testng.SuiteRunnerWorker.runSuite(SuiteRunnerWorker.java:52)
	at org.testng.SuiteRunnerWorker.run(SuiteRunnerWorker.java:86)
	at org.testng.TestNG.runSuitesSequentially(TestNG.java:1215)
	at org.testng.TestNG.runSuitesLocally(TestNG.java:1140)
	at org.testng.TestNG.run(TestNG.java:1048)
	at org.testng.remote.AbstractRemoteTestNG.run(AbstractRemoteTestNG.java:114)
	at org.testng.remote.RemoteTestNG.initAndRun(RemoteTestNG.java:251)
	at org.testng.remote.RemoteTestNG.main(RemoteTestNG.java:77)
Caused by: org.openqa.selenium.firefox.NotConnectedException: Unable to connect to host 127.0.0.1 on port 7055 after 45000 ms. Firefox console output:
gistering shutdown blocker for LightweightThemeManager
1521481221509	addons.manager	DEBUG	Provider finished startup: LightweightThemeManager
1521481221509	addons.manager	DEBUG	Starting provider: GMPProvider
1521481221515	addons.manager	DEBUG	Registering shutdown blocker for GMPProvider
1521481221515	addons.manager	DEBUG	Provider finished startup: GMPProvider
1521481221515	addons.manager	DEBUG	Starting provider: PluginProvider
1521481221515	addons.manager	DEBUG	Registering shutdown blocker for PluginProvider
1521481221515	addons.manager	DEBUG	Provider finished startup: PluginProvider
1521481221515	addons.manager	DEBUG	Completed startup sequence
1521481223702	addons.repository	DEBUG	No addons.json found.
1521481223718	addons.manager	DEBUG	Starting provider: PreviousExperimentProvider
1521481223718	addons.manager	DEBUG	Registering shutdown blocker for PreviousExperimentProvider
1521481223718	addons.manager	DEBUG	Provider finished startup: PreviousExperimentProvider
1521481223762	addons.xpi-utils	DEBUG	XPI Database saved, setting schema version preference to 23
1521481223995	addons.xpi	INFO	Mapping fxdriver@googlecode.com to C:\Users\Izaz Ahmed\AppData\Local\Temp\anonymous1685304211020780928webdriver-profile\extensions\fxdriver@googlecode.com
1521481223996	addons.xpi	DEBUG	Ignoring file entry whose name is not a valid add-on ID: C:\Users\Izaz Ahmed\AppData\Local\Temp\anonymous1685304211020780928webdriver-profile\extensions\webdriver-staging
1521481223996	addons.xpi	DEBUG	Existing add-on fxdriver@googlecode.com in app-profile
1521481223997	addons.xpi	INFO	Mapping activity-stream@mozilla.org to C:\Program Files\Mozilla Firefox\browser\features\activity-stream@mozilla.org.xpi
1521481223997	addons.xpi	INFO	Mapping aushelper@mozilla.org to C:\Program Files\Mozilla Firefox\browser\features\aushelper@mozilla.org.xpi
1521481223997	addons.xpi	INFO	Mapping firefox@getpocket.com to C:\Program Files\Mozilla Firefox\browser\features\firefox@getpocket.com.xpi
1521481223997	addons.xpi	INFO	Mapping followonsearch@mozilla.com to C:\Program Files\Mozilla Firefox\browser\features\followonsearch@mozilla.com.xpi
1521481223998	addons.xpi	INFO	Mapping formautofill@mozilla.org to C:\Program Files\Mozilla Firefox\browser\features\formautofill@mozilla.org.xpi
1521481223998	addons.xpi	INFO	Mapping onboarding@mozilla.org to C:\Program Files\Mozilla Firefox\browser\features\onboarding@mozilla.org.xpi
1521481223998	addons.xpi	INFO	Mapping screenshots@mozilla.org to C:\Program Files\Mozilla Firefox\browser\features\screenshots@mozilla.org.xpi
1521481223998	addons.xpi	INFO	Mapping shield-recipe-client@mozilla.org to C:\Program Files\Mozilla Firefox\browser\features\shield-recipe-client@mozilla.org.xpi
1521481223998	addons.xpi	INFO	Mapping webcompat@mozilla.org to C:\Program Files\Mozilla Firefox\browser\features\webcompat@mozilla.org.xpi
1521481223999	addons.xpi	DEBUG	Existing add-on activity-stream@mozilla.org in app-system-defaults
1521481223999	addons.xpi	DEBUG	Existing add-on aushelper@mozilla.org in app-system-defaults
1521481223999	addons.xpi	DEBUG	Existing add-on firefox@getpocket.com in app-system-defaults
1521481224000	addons.xpi	DEBUG	Existing add-on followonsearch@mozilla.com in app-system-defaults
1521481224000	addons.xpi	DEBUG	Existing add-on formautofill@mozilla.org in app-system-defaults
1521481224001	addons.xpi	DEBUG	Existing add-on onboarding@mozilla.org in app-system-defaults
1521481224001	addons.xpi	DEBUG	Existing add-on screenshots@mozilla.org in app-system-defaults
1521481224002	addons.xpi	DEBUG	Existing add-on shield-recipe-client@mozilla.org in app-system-defaults
1521481224002	addons.xpi	DEBUG	Existing add-on webcompat@mozilla.org in app-system-defaults
1521481224003	addons.xpi	INFO	Mapping {972ce4c6-7e08-4474-a285-3208198ce6fd} to C:\Program Files\Mozilla Firefox\browser\extensions\{972ce4c6-7e08-4474-a285-3208198ce6fd}.xpi
1521481224003	addons.xpi	DEBUG	Existing add-on {972ce4c6-7e08-4474-a285-3208198ce6fd} in app-global
1521481224004	addons.xpi	DEBUG	getInstallState changed: false, state: {}

	at org.openqa.selenium.firefox.internal.NewProfileExtensionConnection.start(NewProfileExtensionConnection.java:112)
	... 31 more
]]>
    </error>
  </testcase> <!-- f -->
</testsuite> <!-- SELENIUM.Class3 -->
