<?xml version="1.0" encoding="UTF-8"?>
<!-- Generated by org.testng.reporters.JUnitReportReporter -->
<testsuite hostname="SHAIK" name="SELENIUM.Class7" tests="1" failures="0" timestamp="20 Mar 2018 17:40:30 GMT" time="23.924" errors="0">
  <testcase name="flipkart" time="23.924" classname="SELENIUM.Class7"/>
</testsuite> <!-- SELENIUM.Class7 -->
