<?xml version="1.0" encoding="UTF-8"?>
<!-- Generated by org.testng.reporters.JUnitReportReporter -->
<testsuite hostname="SHAIK" name="SELENIUM.Class10" tests="1" failures="0" timestamp="20 Mar 2018 18:11:51 GMT" time="22.215" errors="0">
  <testcase name="selenium" time="22.215" classname="SELENIUM.Class10"/>
</testsuite> <!-- SELENIUM.Class10 -->
