<?xml version="1.0" encoding="UTF-8"?>
<!-- Generated by org.testng.reporters.JUnitReportReporter -->
<testsuite hostname="SHAIK" name="SELENIUM.Class14" tests="1" failures="0" timestamp="20 Mar 2018 18:29:07 GMT" time="5.248" errors="0">
  <testcase name="cal" time="5.248" classname="SELENIUM.Class14"/>
</testsuite> <!-- SELENIUM.Class14 -->
