<?xml version="1.0" encoding="UTF-8"?>
<!-- Generated by org.testng.reporters.JUnitReportReporter -->
<testsuite hostname="SHAIK" name="SELENIUM.Class5" tests="1" failures="0" timestamp="20 Mar 2018 17:25:36 GMT" time="24.044" errors="0">
  <testcase name="cookies" time="24.044" classname="SELENIUM.Class5"/>
</testsuite> <!-- SELENIUM.Class5 -->
